d:\projects\opengl\opengl1\opengl\debug\vc141.pdb
d:\projects\opengl\opengl1\opengl\debug\vc141.idb
d:\projects\opengl\opengl1\opengl\debug\vertexbuffer.obj
d:\projects\opengl\opengl1\opengl\debug\vertexarray.obj
d:\projects\opengl\opengl1\opengl\debug\stb_image.obj
d:\projects\opengl\opengl1\opengl\debug\glm.obj
d:\projects\opengl\opengl1\opengl\debug\texture.obj
d:\projects\opengl\opengl1\opengl\debug\shader.obj
d:\projects\opengl\opengl1\opengl\debug\renderer.obj
d:\projects\opengl\opengl1\opengl\debug\indexbuffer.obj
d:\projects\opengl\opengl1\opengl\debug\application.obj
d:\projects\opengl\opengl1\opengl\debug\imgui_impl_glfw_gl3.obj
d:\projects\opengl\opengl1\opengl\debug\imgui_draw.obj
d:\projects\opengl\opengl1\opengl\debug\imgui_demo.obj
d:\projects\opengl\opengl1\opengl\debug\imgui.obj
d:\projects\opengl\opengl1\debug\opengl.ilk
d:\projects\opengl\opengl1\debug\opengl.exe
d:\projects\opengl\opengl1\debug\opengl.pdb
d:\projects\opengl\opengl1\opengl\debug\opengl.tlog\cl.command.1.tlog
d:\projects\opengl\opengl1\opengl\debug\opengl.tlog\cl.read.1.tlog
d:\projects\opengl\opengl1\opengl\debug\opengl.tlog\cl.write.1.tlog
d:\projects\opengl\opengl1\opengl\debug\opengl.tlog\link.command.1.tlog
d:\projects\opengl\opengl1\opengl\debug\opengl.tlog\link.read.1.tlog
d:\projects\opengl\opengl1\opengl\debug\opengl.tlog\link.write.1.tlog
